<?xml version="1.0" ?>
<!DOCTYPE coverage
  SYSTEM 'http://cobertura.sourceforge.net/xml/coverage-03.dtd'>
<coverage branch-rate="0.914342629482" line-rate="0.519820187985" timestamp="1660326585" version="gcovr 2.4 (r2774)">
	<sources>
		<source>C:\Jenkins\workspace\_vcpu-software_full_master_bosch\software\bootloader</source>
	</sources>
	<packages>
		<package branch-rate="0.962962962963" complexity="0.0" line-rate="0.982905982906" name="source.SWC_CDD.CDD_CPLD.src">
			<classes>
				<class branch-rate="0.962962962963" complexity="0.0" filename="source\SWC_CDD\CDD_CPLD\src\CDD_CPLD.c" line-rate="0.982905982906" name="CDD_CPLD_c">
					<lines>
						<line branch="false" hits="1" number="55"/>
						<line branch="false" hits="1" number="58"/>
						<line branch="false" hits="1" number="67"/>
						<line branch="false" hits="1" number="70"/>
						<line branch="false" hits="2" number="79"/>
						<line branch="false" hits="2" number="83"/>
						<line branch="false" hits="2" number="87"/>
						<line branch="false" hits="2" number="90"/>
						<line branch="true" condition-coverage="100% (2/2)" hits="2" number="95">
							<conditions>
								<condition coverage="100%" number="0" type="jump"/>
							</conditions>
						</line>
						<line branch="false" hits="1" number="98"/>
						<line branch="false" hits="1" number="99"/>
						<line branch="false" hits="1" number="100"/>
						<line branch="false" hits="1" number="101"/>
						<line branch="false" hits="1" number="104"/>
						<line branch="false" hits="1" number="108"/>
						<line branch="false" hits="1" number="111"/>
						<line branch="false" hits="2" number="114"/>
						<line branch="false" hits="21" number="123"/>
						<line branch="false" hits="21" number="125"/>
						<line branch="false" hits="21" number="128"/>
						<line branch="false" hits="21" number="131"/>
						<line branch="false" hits="21" number="134"/>
						<line branch="false" hits="21" number="137"/>
						<line branch="false" hits="21" number="140"/>
						<line branch="false" hits="21" number="143"/>
						<line branch="true" condition-coverage="100% (2/2)" hits="21" number="149">
							<conditions>
								<condition coverage="100%" number="0" type="jump"/>
							</conditions>
						</line>
						<line branch="false" hits="5" number="152"/>
						<line branch="false" hits="5" number="154"/>
						<line branch="false" hits="16" number="158"/>
						<line branch="false" hits="21" number="161"/>
						<line branch="false" hits="8" number="172"/>
						<line branch="false" hits="8" number="174"/>
						<line branch="false" hits="8" number="177"/>
						<line branch="false" hits="8" number="180"/>
						<line branch="false" hits="8" number="183"/>
						<line branch="false" hits="8" number="186"/>
						<line branch="false" hits="8" number="189"/>
						<line branch="false" hits="8" number="192"/>
						<line branch="false" hits="8" number="198"/>
						<line branch="false" hits="8" number="200"/>
						<line branch="false" hits="3" number="210"/>
						<line branch="false" hits="3" number="212"/>
						<line branch="false" hits="3" number="213"/>
						<line branch="false" hits="3" number="214"/>
						<line branch="false" hits="3" number="215"/>
						<line branch="true" condition-coverage="100% (2/2)" hits="3" number="218">
							<conditions>
								<condition coverage="100%" number="0" type="jump"/>
							</conditions>
						</line>
						<line branch="false" hits="2" number="221"/>
						<line branch="false" hits="2" number="224"/>
						<line branch="false" hits="2" number="227"/>
						<line branch="false" hits="2" number="230"/>
						<line branch="true" condition-coverage="100% (2/2)" hits="2" number="233">
							<conditions>
								<condition coverage="100%" number="0" type="jump"/>
							</conditions>
						</line>
						<line branch="false" hits="1" number="236"/>
						<line branch="false" hits="1" number="239"/>
						<line branch="false" hits="1" number="249"/>
						<line branch="false" hits="3" number="252"/>
						<line branch="false" hits="11" number="263"/>
						<line branch="false" hits="11" number="265"/>
						<line branch="false" hits="11" number="266"/>
						<line branch="true" condition-coverage="100% (2/2)" hits="11" number="268">
							<conditions>
								<condition coverage="100%" number="0" type="jump"/>
							</conditions>
						</line>
						<line branch="true" condition-coverage="90% (10/11)" hits="10" number="271">
							<conditions>
								<condition coverage="90%" number="0" type="jump"/>
							</conditions>
						</line>
						<line branch="false" hits="1" number="276"/>
						<line branch="false" hits="1" number="278"/>
						<line branch="false" hits="1" number="283"/>
						<line branch="false" hits="1" number="285"/>
						<line branch="false" hits="1" number="290"/>
						<line branch="false" hits="1" number="292"/>
						<line branch="false" hits="1" number="297"/>
						<line branch="false" hits="1" number="299"/>
						<line branch="false" hits="1" number="304"/>
						<line branch="false" hits="1" number="307"/>
						<line branch="false" hits="1" number="310"/>
						<line branch="false" hits="1" number="312"/>
						<line branch="false" hits="1" number="317"/>
						<line branch="false" hits="1" number="320"/>
						<line branch="false" hits="1" number="323"/>
						<line branch="false" hits="1" number="325"/>
						<line branch="false" hits="1" number="330"/>
						<line branch="false" hits="1" number="333"/>
						<line branch="false" hits="1" number="336"/>
						<line branch="false" hits="1" number="338"/>
						<line branch="false" hits="1" number="343"/>
						<line branch="false" hits="1" number="346"/>
						<line branch="false" hits="1" number="349"/>
						<line branch="false" hits="1" number="351"/>
						<line branch="false" hits="1" number="356"/>
						<line branch="false" hits="1" number="358"/>
						<line branch="false" hits="0" number="363"/>
						<line branch="false" hits="0" number="365"/>
						<line branch="false" hits="1" number="369"/>
						<line branch="false" hits="1" number="372"/>
						<line branch="false" hits="1" number="374"/>
						<line branch="false" hits="1" number="380"/>
						<line branch="false" hits="11" number="382"/>
						<line branch="false" hits="13" number="393"/>
						<line branch="false" hits="13" number="395"/>
						<line branch="false" hits="13" number="396"/>
						<line branch="false" hits="13" number="397"/>
						<line branch="false" hits="13" number="398"/>
						<line branch="false" hits="13" number="399"/>
						<line branch="false" hits="13" number="400"/>
						<line branch="false" hits="13" number="401"/>
						<line branch="false" hits="13" number="404"/>
						<line branch="false" hits="13" number="407"/>
						<line branch="false" hits="13" number="410"/>
						<line branch="false" hits="13" number="413"/>
						<line branch="false" hits="13" number="417"/>
						<line branch="true" condition-coverage="100% (2/2)" hits="13" number="420">
							<conditions>
								<condition coverage="100%" number="0" type="jump"/>
							</conditions>
						</line>
						<line branch="true" condition-coverage="100% (2/2)" hits="3" number="422">
							<conditions>
								<condition coverage="100%" number="0" type="jump"/>
							</conditions>
						</line>
						<line branch="false" hits="1" number="425"/>
						<line branch="true" condition-coverage="100% (2/2)" hits="2" number="427">
							<conditions>
								<condition coverage="100%" number="0" type="jump"/>
							</conditions>
						</line>
						<line branch="false" hits="1" number="430"/>
						<line branch="false" hits="3" number="438"/>
						<line branch="false" hits="3" number="441"/>
						<line branch="false" hits="13" number="447"/>
						<line branch="false" hits="1" number="457"/>
						<line branch="false" hits="1" number="459"/>
						<line branch="false" hits="1" number="460"/>
					</lines>
				</class>
			</classes>
		</package>
		<package branch-rate="0.969879518072" complexity="0.0" line-rate="0.990099009901" name="source.SWC_CDD.SWC_ICCSWUpdate_Forwarding.src">
			<classes>
				<class branch-rate="0.969879518072" complexity="0.0" filename="source\SWC_CDD\SWC_ICCSWUpdate_Forwarding\src\SWC_ICCSWUpdate_forwarding.c" line-rate="0.990099009901" name="SWC_ICCSWUpdate_forwarding_c">
					<lines>
						<line branch="false" hits="0" number="189"/>
						<line branch="false" hits="0" number="191"/>
						<line branch="false" hits="0" number="192"/>
						<line branch="false" hits="1" number="205"/>
						<line branch="false" hits="1" number="209"/>
						<line branch="false" hits="1" number="211"/>
						<line branch="false" hits="1" number="213"/>
						<line branch="false" hits="1" number="216"/>
						<line branch="false" hits="1" number="217"/>
						<line branch="false" hits="1" number="219"/>
						<line branch="false" hits="1" number="220"/>
						<line branch="false" hits="11" number="241"/>
						<line branch="false" hits="11" number="245"/>
						<line branch="false" hits="11" number="247"/>
						<line branch="false" hits="11" number="250"/>
						<line branch="false" hits="11" number="254"/>
						<line branch="false" hits="11" number="257"/>
						<line branch="true" condition-coverage="100% (2/2)" hits="33" number="260">
							<conditions>
								<condition coverage="100%" number="0" type="jump"/>
							</conditions>
						</line>
						<line branch="true" condition-coverage="75% (3/4)" hits="33" number="261">
							<conditions>
								<condition coverage="75%" number="0" type="jump"/>
							</conditions>
						</line>
						<line branch="false" hits="11" number="262"/>
						<line branch="false" hits="11" number="264"/>
						<line branch="true" condition-coverage="50% (2/4)" hits="22" number="267">
							<conditions>
								<condition coverage="50%" number="0" type="jump"/>
							</conditions>
						</line>
						<line branch="false" hits="11" number="268"/>
						<line branch="false" hits="11" number="270"/>
						<line branch="true" condition-coverage="100% (2/2)" hits="11" number="280">
							<conditions>
								<condition coverage="100%" number="0" type="jump"/>
							</conditions>
						</line>
						<line branch="true" condition-coverage="100% (4/4)" hits="5" number="282">
							<conditions>
								<condition coverage="100%" number="0" type="jump"/>
							</conditions>
						</line>
						<line branch="true" condition-coverage="100% (4/4)" hits="6" number="284">
							<conditions>
								<condition coverage="100%" number="0" type="jump"/>
							</conditions>
						</line>
						<line branch="false" hits="2" number="287"/>
						<line branch="false" hits="1" number="293"/>
						<line branch="false" hits="1" number="294"/>
						<line branch="false" hits="1" number="295"/>
						<line branch="false" hits="1" number="296"/>
						<line branch="false" hits="1" number="297"/>
						<line branch="false" hits="1" number="298"/>
						<line branch="false" hits="2" number="304"/>
						<line branch="true" condition-coverage="100% (4/4)" hits="6" number="313">
							<conditions>
								<condition coverage="100%" number="0" type="jump"/>
							</conditions>
						</line>
						<line branch="true" condition-coverage="100% (4/4)" hits="8" number="315">
							<conditions>
								<condition coverage="100%" number="0" type="jump"/>
							</conditions>
						</line>
						<line branch="false" hits="2" number="317"/>
						<line branch="false" hits="2" number="321"/>
						<line branch="false" hits="2" number="322"/>
						<line branch="false" hits="2" number="323"/>
						<line branch="false" hits="2" number="329"/>
						<line branch="false" hits="11" number="335"/>
						<line branch="false" hits="5" number="354"/>
						<line branch="false" hits="5" number="357"/>
						<line branch="true" condition-coverage="100% (2/2)" hits="5" number="359">
							<conditions>
								<condition coverage="100%" number="0" type="jump"/>
							</conditions>
						</line>
						<line branch="false" hits="2" number="361"/>
						<line branch="false" hits="2" number="362"/>
						<line branch="false" hits="2" number="363"/>
						<line branch="false" hits="2" number="364"/>
						<line branch="false" hits="2" number="365"/>
						<line branch="false" hits="2" number="367"/>
						<line branch="false" hits="2" number="369"/>
						<line branch="false" hits="3" number="376"/>
						<line branch="false" hits="3" number="377"/>
						<line branch="false" hits="5" number="381"/>
						<line branch="false" hits="5" number="397"/>
						<line branch="false" hits="5" number="401"/>
						<line branch="false" hits="5" number="402"/>
						<line branch="true" condition-coverage="100% (2/2)" hits="5" number="404">
							<conditions>
								<condition coverage="100%" number="0" type="jump"/>
							</conditions>
						</line>
						<line branch="false" hits="3" number="407"/>
						<line branch="false" hits="3" number="408"/>
						<line branch="true" condition-coverage="100% (2/2)" hits="3" number="410">
							<conditions>
								<condition coverage="100%" number="0" type="jump"/>
							</conditions>
						</line>
						<line branch="true" condition-coverage="100% (2/2)" hits="2" number="411">
							<conditions>
								<condition coverage="100%" number="0" type="jump"/>
							</conditions>
						</line>
						<line branch="false" hits="1" number="413"/>
						<line branch="false" hits="1" number="414"/>
						<line branch="false" hits="1" number="415"/>
						<line branch="false" hits="1" number="416"/>
						<line branch="false" hits="1" number="417"/>
						<line branch="false" hits="1" number="423"/>
						<line branch="false" hits="1" number="430"/>
						<line branch="false" hits="1" number="433"/>
						<line branch="false" hits="3" number="436"/>
						<line branch="false" hits="5" number="444"/>
						<line branch="false" hits="4" number="463"/>
						<line branch="false" hits="4" number="465"/>
						<line branch="true" condition-coverage="100% (4/4)" hits="4" number="467">
							<conditions>
								<condition coverage="100%" number="0" type="jump"/>
							</conditions>
						</line>
						<line branch="true" condition-coverage="100% (2/2)" hits="4" number="469">
							<conditions>
								<condition coverage="100%" number="0" type="jump"/>
							</conditions>
						</line>
						<line branch="false" hits="1" number="472"/>
						<line branch="false" hits="1" number="475"/>
						<line branch="false" hits="1" number="476"/>
						<line branch="false" hits="1" number="477"/>
						<line branch="false" hits="1" number="480"/>
						<line branch="false" hits="1" number="481"/>
						<line branch="false" hits="2" number="488"/>
						<line branch="false" hits="4" number="492"/>
						<line branch="false" hits="7" number="507"/>
						<line branch="false" hits="7" number="509"/>
						<line branch="true" condition-coverage="100% (2/2)" hits="7" number="511">
							<conditions>
								<condition coverage="100%" number="0" type="jump"/>
							</conditions>
						</line>
						<line branch="true" condition-coverage="100% (2/2)" hits="4" number="513">
							<conditions>
								<condition coverage="100%" number="0" type="jump"/>
							</conditions>
						</line>
						<line branch="false" hits="2" number="515"/>
						<line branch="false" hits="2" number="516"/>
						<line branch="false" hits="2" number="517"/>
						<line branch="false" hits="2" number="518"/>
						<line branch="false" hits="2" number="519"/>
						<line branch="false" hits="2" number="520"/>
						<line branch="false" hits="2" number="521"/>
						<line branch="false" hits="2" number="522"/>
						<line branch="false" hits="2" number="526"/>
						<line branch="false" hits="2" number="527"/>
						<line branch="false" hits="2" number="532"/>
						<line branch="false" hits="3" number="540"/>
						<line branch="false" hits="3" number="543"/>
						<line branch="false" hits="7" number="547"/>
						<line branch="false" hits="7" number="548"/>
						<line branch="false" hits="7" number="569"/>
						<line branch="false" hits="7" number="571"/>
						<line branch="false" hits="7" number="580"/>
						<line branch="false" hits="7" number="581"/>
						<line branch="true" condition-coverage="100% (4/4)" hits="7" number="583">
							<conditions>
								<condition coverage="100%" number="0" type="jump"/>
							</conditions>
						</line>
						<line branch="false" hits="5" number="585"/>
						<line branch="false" hits="5" number="586"/>
						<line branch="false" hits="5" number="587"/>
						<line branch="false" hits="5" number="588"/>
						<line branch="true" condition-coverage="100% (4/4)" hits="10" number="594">
							<conditions>
								<condition coverage="100%" number="0" type="jump"/>
							</conditions>
						</line>
						<line branch="true" condition-coverage="100% (2/2)" hits="17" number="597">
							<conditions>
								<condition coverage="100%" number="0" type="jump"/>
							</conditions>
						</line>
						<line branch="false" hits="15" number="599"/>
						<line branch="true" condition-coverage="100% (2/2)" hits="9" number="603">
							<conditions>
								<condition coverage="100%" number="0" type="jump"/>
							</conditions>
						</line>
						<line branch="false" hits="7" number="605"/>
						<line branch="false" hits="2" number="608"/>
						<line branch="false" hits="2" number="610"/>
						<line branch="false" hits="2" number="611"/>
						<line branch="false" hits="2" number="614"/>
						<line branch="false" hits="2" number="615"/>
						<line branch="false" hits="3" number="619"/>
						<line branch="false" hits="2" number="625"/>
						<line branch="false" hits="7" number="630"/>
						<line branch="false" hits="3" number="645"/>
						<line branch="false" hits="3" number="647"/>
						<line branch="true" condition-coverage="100% (2/2)" hits="3" number="650">
							<conditions>
								<condition coverage="100%" number="0" type="jump"/>
							</conditions>
						</line>
						<line branch="true" condition-coverage="50% (1/2)" hits="1" number="652">
							<conditions>
								<condition coverage="50%" number="0" type="jump"/>
							</conditions>
						</line>
						<line branch="false" hits="1" number="654"/>
						<line branch="false" hits="1" number="655"/>
						<line branch="false" hits="1" number="656"/>
						<line branch="false" hits="1" number="657"/>
						<line branch="false" hits="1" number="658"/>
						<line branch="false" hits="1" number="659"/>
						<line branch="false" hits="0" number="663"/>
						<line branch="false" hits="2" number="670"/>
						<line branch="false" hits="2" number="673"/>
						<line branch="false" hits="3" number="677"/>
						<line branch="false" hits="3" number="678"/>
						<line branch="false" hits="3" number="698"/>
						<line branch="false" hits="3" number="700"/>
						<line branch="true" condition-coverage="100% (4/4)" hits="3" number="703">
							<conditions>
								<condition coverage="100%" number="0" type="jump"/>
							</conditions>
						</line>
						<line branch="false" hits="1" number="705"/>
						<line branch="false" hits="1" number="707"/>
						<line branch="false" hits="1" number="708"/>
						<line branch="false" hits="1" number="711"/>
						<line branch="false" hits="1" number="712"/>
						<line branch="false" hits="1" number="715"/>
						<line branch="false" hits="1" number="716"/>
						<line branch="false" hits="2" number="721"/>
						<line branch="false" hits="3" number="726"/>
						<line branch="false" hits="4" number="743"/>
						<line branch="false" hits="4" number="745"/>
						<line branch="true" condition-coverage="100% (2/2)" hits="4" number="748">
							<conditions>
								<condition coverage="100%" number="0" type="jump"/>
							</conditions>
						</line>
						<line branch="true" condition-coverage="100% (2/2)" hits="2" number="750">
							<conditions>
								<condition coverage="100%" number="0" type="jump"/>
							</conditions>
						</line>
						<line branch="false" hits="1" number="752"/>
						<line branch="false" hits="1" number="753"/>
						<line branch="false" hits="1" number="756"/>
						<line branch="false" hits="2" number="763"/>
						<line branch="false" hits="2" number="766"/>
						<line branch="false" hits="4" number="770"/>
						<line branch="false" hits="4" number="771"/>
						<line branch="false" hits="3" number="789"/>
						<line branch="false" hits="3" number="791"/>
						<line branch="true" condition-coverage="100% (4/4)" hits="3" number="793">
							<conditions>
								<condition coverage="100%" number="0" type="jump"/>
							</conditions>
						</line>
						<line branch="false" hits="1" number="795"/>
						<line branch="false" hits="1" number="796"/>
						<line branch="false" hits="1" number="799"/>
						<line branch="false" hits="1" number="800"/>
						<line branch="false" hits="2" number="806"/>
						<line branch="false" hits="3" number="811"/>
						<line branch="false" hits="4" number="827"/>
						<line branch="false" hits="4" number="829"/>
						<line branch="true" condition-coverage="100% (2/2)" hits="4" number="831">
							<conditions>
								<condition coverage="100%" number="0" type="jump"/>
							</conditions>
						</line>
						<line branch="true" condition-coverage="100% (2/2)" hits="2" number="833">
							<conditions>
								<condition coverage="100%" number="0" type="jump"/>
							</conditions>
						</line>
						<line branch="false" hits="1" number="835"/>
						<line branch="false" hits="1" number="836"/>
						<line branch="false" hits="1" number="842"/>
						<line branch="false" hits="2" number="849"/>
						<line branch="false" hits="2" number="852"/>
						<line branch="false" hits="4" number="856"/>
						<line branch="false" hits="4" number="857"/>
						<line branch="false" hits="5" number="876"/>
						<line branch="false" hits="5" number="878"/>
						<line branch="true" condition-coverage="100% (4/4)" hits="5" number="881">
							<conditions>
								<condition coverage="100%" number="0" type="jump"/>
							</conditions>
						</line>
						<line branch="true" condition-coverage="100% (4/4)" hits="6" number="884">
							<conditions>
								<condition coverage="100%" number="0" type="jump"/>
							</conditions>
						</line>
						<line branch="false" hits="2" number="887"/>
						<line branch="false" hits="1" number="892"/>
						<line branch="false" hits="1" number="893"/>
						<line branch="false" hits="1" number="896"/>
						<line branch="false" hits="1" number="898"/>
						<line branch="false" hits="1" number="899"/>
						<line branch="false" hits="1" number="902"/>
						<line branch="false" hits="1" number="903"/>
						<line branch="false" hits="2" number="909"/>
						<line branch="false" hits="5" number="914"/>
						<line branch="false" hits="4" number="930"/>
						<line branch="false" hits="4" number="932"/>
						<line branch="true" condition-coverage="100% (2/2)" hits="4" number="935">
							<conditions>
								<condition coverage="100%" number="0" type="jump"/>
							</conditions>
						</line>
						<line branch="true" condition-coverage="100% (2/2)" hits="2" number="938">
							<conditions>
								<condition coverage="100%" number="0" type="jump"/>
							</conditions>
						</line>
						<line branch="false" hits="1" number="940"/>
						<line branch="false" hits="1" number="941"/>
						<line branch="false" hits="1" number="942"/>
						<line branch="false" hits="1" number="943"/>
						<line branch="false" hits="1" number="944"/>
						<line branch="false" hits="1" number="945"/>
						<line branch="false" hits="1" number="946"/>
						<line branch="false" hits="1" number="947"/>
						<line branch="false" hits="1" number="953"/>
						<line branch="false" hits="2" number="960"/>
						<line branch="false" hits="2" number="963"/>
						<line branch="false" hits="4" number="967"/>
						<line branch="false" hits="4" number="968"/>
						<line branch="false" hits="4" number="986"/>
						<line branch="false" hits="4" number="988"/>
						<line branch="true" condition-coverage="100% (4/4)" hits="4" number="991">
							<conditions>
								<condition coverage="100%" number="0" type="jump"/>
							</conditions>
						</line>
						<line branch="false" hits="1" number="993"/>
						<line branch="false" hits="1" number="994"/>
						<line branch="false" hits="1" number="995"/>
						<line branch="false" hits="1" number="998"/>
						<line branch="false" hits="3" number="1003"/>
						<line branch="false" hits="4" number="1008"/>
						<line branch="false" hits="7" number="1024"/>
						<line branch="false" hits="7" number="1026"/>
						<line branch="true" condition-coverage="100% (2/2)" hits="7" number="1029">
							<conditions>
								<condition coverage="100%" number="0" type="jump"/>
							</conditions>
						</line>
						<line branch="true" condition-coverage="100% (2/2)" hits="4" number="1031">
							<conditions>
								<condition coverage="100%" number="0" type="jump"/>
							</conditions>
						</line>
						<line branch="false" hits="2" number="1033"/>
						<line branch="false" hits="2" number="1034"/>
						<line branch="false" hits="2" number="1035"/>
						<line branch="false" hits="2" number="1036"/>
						<line branch="false" hits="2" number="1037"/>
						<line branch="false" hits="2" number="1038"/>
						<line branch="false" hits="2" number="1039"/>
						<line branch="false" hits="2" number="1040"/>
						<line branch="false" hits="2" number="1044"/>
						<line branch="false" hits="2" number="1045"/>
						<line branch="false" hits="2" number="1050"/>
						<line branch="false" hits="3" number="1057"/>
						<line branch="false" hits="3" number="1060"/>
						<line branch="false" hits="7" number="1064"/>
						<line branch="false" hits="7" number="1065"/>
						<line branch="false" hits="4" number="1079"/>
						<line branch="false" hits="4" number="1081"/>
						<line branch="false" hits="4" number="1082"/>
						<line branch="true" condition-coverage="100% (4/4)" hits="4" number="1084">
							<conditions>
								<condition coverage="100%" number="0" type="jump"/>
							</conditions>
						</line>
						<line branch="false" hits="2" number="1087"/>
						<line branch="true" condition-coverage="100% (2/2)" hits="4" number="1089">
							<conditions>
								<condition coverage="100%" number="0" type="jump"/>
							</conditions>
						</line>
						<line branch="false" hits="1" number="1090"/>
						<line branch="false" hits="1" number="1095"/>
						<line branch="false" hits="2" number="1101"/>
						<line branch="false" hits="4" number="1105"/>
						<line branch="false" hits="8" number="1125"/>
						<line branch="false" hits="8" number="1127"/>
						<line branch="false" hits="8" number="1132"/>
						<line branch="false" hits="8" number="1133"/>
						<line branch="true" condition-coverage="100% (4/4)" hits="8" number="1136">
							<conditions>
								<condition coverage="100%" number="0" type="jump"/>
							</conditions>
						</line>
						<line branch="true" condition-coverage="100% (2/2)" hits="12" number="1139">
							<conditions>
								<condition coverage="100%" number="0" type="jump"/>
							</conditions>
						</line>
						<line branch="false" hits="1" number="1142"/>
						<line branch="false" hits="5" number="1147"/>
						<line branch="false" hits="5" number="1150"/>
						<line branch="false" hits="5" number="1151"/>
						<line branch="false" hits="5" number="1153"/>
						<line branch="false" hits="5" number="1154"/>
						<line branch="false" hits="5" number="1155"/>
						<line branch="true" condition-coverage="100% (4/4)" hits="5" number="1160">
							<conditions>
								<condition coverage="100%" number="0" type="jump"/>
							</conditions>
						</line>
						<line branch="true" condition-coverage="100% (2/2)" hits="16" number="1163">
							<conditions>
								<condition coverage="100%" number="0" type="jump"/>
							</conditions>
						</line>
						<line branch="false" hits="14" number="1165"/>
						<line branch="true" condition-coverage="100% (2/2)" hits="6" number="1169">
							<conditions>
								<condition coverage="100%" number="0" type="jump"/>
							</conditions>
						</line>
						<line branch="false" hits="4" number="1171"/>
						<line branch="false" hits="2" number="1175"/>
						<line branch="false" hits="2" number="1178"/>
						<line branch="false" hits="2" number="1180"/>
						<line branch="false" hits="2" number="1182"/>
						<line branch="false" hits="2" number="1184"/>
						<line branch="false" hits="2" number="1185"/>
						<line branch="false" hits="2" number="1186"/>
						<line branch="false" hits="2" number="1187"/>
						<line branch="false" hits="3" number="1192"/>
						<line branch="false" hits="2" number="1198"/>
						<line branch="false" hits="8" number="1203"/>
						<line branch="false" hits="4" number="1219"/>
						<line branch="false" hits="4" number="1222"/>
						<line branch="true" condition-coverage="100% (2/2)" hits="4" number="1224">
							<conditions>
								<condition coverage="100%" number="0" type="jump"/>
							</conditions>
						</line>
						<line branch="true" condition-coverage="100% (2/2)" hits="2" number="1225">
							<conditions>
								<condition coverage="100%" number="0" type="jump"/>
							</conditions>
						</line>
						<line branch="false" hits="1" number="1227"/>
						<line branch="false" hits="1" number="1228"/>
						<line branch="false" hits="1" number="1229"/>
						<line branch="false" hits="1" number="1230"/>
						<line branch="false" hits="1" number="1231"/>
						<line branch="false" hits="1" number="1232"/>
						<line branch="false" hits="1" number="1233"/>
						<line branch="false" hits="1" number="1234"/>
						<line branch="false" hits="1" number="1239"/>
						<line branch="false" hits="2" number="1248"/>
						<line branch="false" hits="2" number="1250"/>
						<line branch="false" hits="4" number="1253"/>
						<line branch="false" hits="4" number="1254"/>
						<line branch="false" hits="5" number="1273"/>
						<line branch="false" hits="5" number="1275"/>
						<line branch="true" condition-coverage="100% (4/4)" hits="5" number="1278">
							<conditions>
								<condition coverage="100%" number="0" type="jump"/>
							</conditions>
						</line>
						<line branch="true" condition-coverage="100% (2/2)" hits="4" number="1281">
							<conditions>
								<condition coverage="100%" number="0" type="jump"/>
							</conditions>
						</line>
						<line branch="false" hits="1" number="1284"/>
						<line branch="false" hits="1" number="1289"/>
						<line branch="false" hits="1" number="1290"/>
						<line branch="false" hits="1" number="1291"/>
						<line branch="false" hits="1" number="1292"/>
						<line branch="false" hits="3" number="1298"/>
						<line branch="false" hits="5" number="1303"/>
						<line branch="false" hits="4" number="1319"/>
						<line branch="false" hits="4" number="1322"/>
						<line branch="true" condition-coverage="100% (2/2)" hits="4" number="1324">
							<conditions>
								<condition coverage="100%" number="0" type="jump"/>
							</conditions>
						</line>
						<line branch="true" condition-coverage="100% (2/2)" hits="2" number="1325">
							<conditions>
								<condition coverage="100%" number="0" type="jump"/>
							</conditions>
						</line>
						<line branch="false" hits="1" number="1327"/>
						<line branch="false" hits="1" number="1328"/>
						<line branch="false" hits="1" number="1329"/>
						<line branch="false" hits="1" number="1330"/>
						<line branch="false" hits="1" number="1331"/>
						<line branch="false" hits="1" number="1332"/>
						<line branch="false" hits="1" number="1333"/>
						<line branch="false" hits="1" number="1339"/>
						<line branch="false" hits="2" number="1349"/>
						<line branch="false" hits="2" number="1351"/>
						<line branch="false" hits="4" number="1354"/>
						<line branch="false" hits="4" number="1355"/>
						<line branch="false" hits="5" number="1373"/>
						<line branch="false" hits="5" number="1375"/>
						<line branch="true" condition-coverage="100% (4/4)" hits="5" number="1378">
							<conditions>
								<condition coverage="100%" number="0" type="jump"/>
							</conditions>
						</line>
						<line branch="true" condition-coverage="100% (2/2)" hits="4" number="1381">
							<conditions>
								<condition coverage="100%" number="0" type="jump"/>
							</conditions>
						</line>
						<line branch="false" hits="1" number="1384"/>
						<line branch="false" hits="1" number="1389"/>
						<line branch="false" hits="1" number="1390"/>
						<line branch="false" hits="1" number="1391"/>
						<line branch="false" hits="1" number="1392"/>
						<line branch="false" hits="3" number="1398"/>
						<line branch="false" hits="5" number="1403"/>
						<line branch="false" hits="4" number="1419"/>
						<line branch="false" hits="4" number="1422"/>
						<line branch="true" condition-coverage="100% (2/2)" hits="4" number="1424">
							<conditions>
								<condition coverage="100%" number="0" type="jump"/>
							</conditions>
						</line>
						<line branch="true" condition-coverage="100% (2/2)" hits="2" number="1425">
							<conditions>
								<condition coverage="100%" number="0" type="jump"/>
							</conditions>
						</line>
						<line branch="false" hits="1" number="1427"/>
						<line branch="false" hits="1" number="1428"/>
						<line branch="false" hits="1" number="1429"/>
						<line branch="false" hits="1" number="1430"/>
						<line branch="false" hits="1" number="1431"/>
						<line branch="false" hits="1" number="1432"/>
						<line branch="false" hits="1" number="1433"/>
						<line branch="false" hits="1" number="1434"/>
						<line branch="false" hits="1" number="1439"/>
						<line branch="false" hits="2" number="1447"/>
						<line branch="false" hits="2" number="1449"/>
						<line branch="false" hits="4" number="1452"/>
						<line branch="false" hits="4" number="1453"/>
						<line branch="false" hits="4" number="1465"/>
						<line branch="false" hits="4" number="1469"/>
						<line branch="true" condition-coverage="100% (2/2)" hits="4" number="1471">
							<conditions>
								<condition coverage="100%" number="0" type="jump"/>
							</conditions>
						</line>
						<line branch="false" hits="3" number="1480"/>
						<line branch="true" condition-coverage="75% (3/4)" hits="4" number="1483">
							<conditions>
								<condition coverage="75%" number="0" type="jump"/>
							</conditions>
						</line>
						<line branch="false" hits="2" number="1485"/>
						<line branch="false" hits="4" number="1489"/>
						<line branch="false" hits="16" number="1506"/>
						<line branch="true" condition-coverage="100% (12/12)" hits="16" number="1509">
							<conditions>
								<condition coverage="100%" number="0" type="jump"/>
							</conditions>
						</line>
						<line branch="false" hits="1" number="1511"/>
						<line branch="false" hits="1" number="1512"/>
						<line branch="false" hits="1" number="1513"/>
						<line branch="false" hits="1" number="1516"/>
						<line branch="false" hits="1" number="1517"/>
						<line branch="false" hits="1" number="1518"/>
						<line branch="false" hits="1" number="1521"/>
						<line branch="false" hits="1" number="1522"/>
						<line branch="false" hits="1" number="1523"/>
						<line branch="false" hits="1" number="1526"/>
						<line branch="false" hits="1" number="1527"/>
						<line branch="false" hits="1" number="1528"/>
						<line branch="false" hits="1" number="1531"/>
						<line branch="false" hits="1" number="1532"/>
						<line branch="false" hits="1" number="1533"/>
						<line branch="false" hits="1" number="1536"/>
						<line branch="false" hits="1" number="1537"/>
						<line branch="false" hits="1" number="1538"/>
						<line branch="false" hits="1" number="1541"/>
						<line branch="false" hits="1" number="1542"/>
						<line branch="false" hits="1" number="1543"/>
						<line branch="false" hits="1" number="1546"/>
						<line branch="false" hits="1" number="1547"/>
						<line branch="false" hits="1" number="1548"/>
						<line branch="false" hits="1" number="1551"/>
						<line branch="false" hits="1" number="1552"/>
						<line branch="false" hits="1" number="1553"/>
						<line branch="false" hits="1" number="1556"/>
						<line branch="false" hits="1" number="1557"/>
						<line branch="false" hits="1" number="1558"/>
						<line branch="true" condition-coverage="100% (4/4)" hits="5" number="1564">
							<conditions>
								<condition coverage="100%" number="0" type="jump"/>
							</conditions>
						</line>
						<line branch="false" hits="2" number="1567"/>
						<line branch="false" hits="2" number="1569"/>
						<line branch="false" hits="5" number="1571"/>
						<line branch="false" hits="1" number="1575"/>
						<line branch="true" condition-coverage="100% (2/2)" hits="16" number="1577">
							<conditions>
								<condition coverage="100%" number="0" type="jump"/>
							</conditions>
						</line>
						<line branch="false" hits="15" number="1578"/>
						<line branch="false" hits="16" number="1580"/>
						<line branch="false" hits="24" number="1592"/>
						<line branch="false" hits="24" number="1639"/>
					</lines>
				</class>
			</classes>
		</package>
		<package branch-rate="1.0" complexity="0.0" line-rate="1.0" name="source.SWC_CDD.CDD_PowerSequence.src">
			<classes>
				<class branch-rate="1.0" complexity="0.0" filename="source\SWC_CDD\CDD_PowerSequence\src\CDD_PowerSequence.c" line-rate="1.0" name="CDD_PowerSequence_c">
					<lines>
						<line branch="false" hits="9" number="134"/>
						<line branch="false" hits="9" number="136"/>
						<line branch="false" hits="1" number="267"/>
						<line branch="false" hits="9" number="141"/>
						<line branch="false" hits="1" number="270"/>
						<line branch="true" condition-coverage="100% (4/4)" hits="9" number="143">
							<conditions>
								<condition coverage="100%" number="0" type="jump"/>
							</conditions>
						</line>
						<line branch="false" hits="2" number="147"/>
						<line branch="false" hits="2" number="148"/>
						<line branch="true" condition-coverage="100% (4/4)" hits="7" number="151">
							<conditions>
								<condition coverage="100%" number="0" type="jump"/>
							</conditions>
						</line>
						<line branch="false" hits="1" number="155"/>
						<line branch="false" hits="9" number="162"/>
						<line branch="false" hits="1" number="176"/>
						<line branch="false" hits="2" number="229"/>
						<line branch="false" hits="1" number="181"/>
						<line branch="false" hits="2" number="184"/>
						<line branch="false" hits="2" number="186"/>
						<line branch="false" hits="2" number="191"/>
						<line branch="true" condition-coverage="100% (2/2)" hits="2" number="193">
							<conditions>
								<condition coverage="100%" number="0" type="jump"/>
							</conditions>
						</line>
						<line branch="false" hits="1" number="197"/>
						<line branch="false" hits="1" number="198"/>
						<line branch="false" hits="1" number="199"/>
						<line branch="false" hits="2" number="201"/>
						<line branch="false" hits="16" number="74"/>
						<line branch="false" hits="3" number="203"/>
						<line branch="false" hits="3" number="205"/>
						<line branch="false" hits="16" number="77"/>
						<line branch="false" hits="1" number="271"/>
						<line branch="true" condition-coverage="100% (4/4)" hits="32" number="81">
							<conditions>
								<condition coverage="100%" number="0" type="jump"/>
							</conditions>
						</line>
						<line branch="false" hits="3" number="210"/>
						<line branch="false" hits="4" number="83"/>
						<line branch="true" condition-coverage="100% (2/2)" hits="3" number="212">
							<conditions>
								<condition coverage="100%" number="0" type="jump"/>
							</conditions>
						</line>
						<line branch="true" condition-coverage="100% (4/4)" hits="28" number="85">
							<conditions>
								<condition coverage="100%" number="0" type="jump"/>
							</conditions>
						</line>
						<line branch="false" hits="2" number="87"/>
						<line branch="false" hits="1" number="216"/>
						<line branch="false" hits="1" number="218"/>
						<line branch="true" condition-coverage="100% (2/2)" hits="48" number="79">
							<conditions>
								<condition coverage="100%" number="0" type="jump"/>
							</conditions>
						</line>
						<line branch="true" condition-coverage="100% (2/2)" hits="3" number="220">
							<conditions>
								<condition coverage="100%" number="0" type="jump"/>
							</conditions>
						</line>
						<line branch="false" hits="1" number="223"/>
						<line branch="false" hits="16" number="96"/>
						<line branch="false" hits="3" number="225"/>
						<line branch="true" condition-coverage="100% (4/4)" hits="16" number="98">
							<conditions>
								<condition coverage="100%" number="0" type="jump"/>
							</conditions>
						</line>
						<line branch="false" hits="2" number="227"/>
						<line branch="false" hits="1" number="101"/>
						<line branch="false" hits="1" number="105"/>
						<line branch="false" hits="1" number="106"/>
						<line branch="true" condition-coverage="100% (2/2)" hits="2" number="236">
							<conditions>
								<condition coverage="100%" number="0" type="jump"/>
							</conditions>
						</line>
						<line branch="false" hits="1" number="110"/>
						<line branch="false" hits="1" number="240"/>
						<line branch="true" condition-coverage="100% (4/4)" hits="16" number="113">
							<conditions>
								<condition coverage="100%" number="0" type="jump"/>
							</conditions>
						</line>
						<line branch="false" hits="1" number="243"/>
						<line branch="false" hits="1" number="116"/>
						<line branch="false" hits="2" number="245"/>
						<line branch="false" hits="16" number="120"/>
						<line branch="false" hits="2" number="234"/>
					</lines>
				</class>
			</classes>
		</package>
		<package branch-rate="0.75" complexity="0.0" line-rate="0.340425531915" name="test.stubs">
			<classes>
				<class branch-rate="0.0" complexity="0.0" filename="test\stubs\CDD_PowerSequence_RequiredStubs.c" line-rate="0.0" name="CDD_PowerSequence_RequiredStubs_c">
					<lines>
						<line branch="false" hits="0" number="2"/>
						<line branch="false" hits="0" number="35"/>
						<line branch="false" hits="0" number="37"/>
						<line branch="false" hits="0" number="9"/>
						<line branch="false" hits="0" number="11"/>
						<line branch="false" hits="0" number="44"/>
						<line branch="false" hits="0" number="46"/>
						<line branch="false" hits="0" number="15"/>
						<line branch="false" hits="0" number="24"/>
						<line branch="false" hits="0" number="18"/>
						<line branch="false" hits="0" number="22"/>
						<line branch="false" hits="0" number="56"/>
					</lines>
				</class>
				<class branch-rate="0.0" complexity="0.0" filename="test\stubs\Stub_BlPduR_cbk.c" line-rate="0.0" name="Stub_BlPduR_cbk_c">
					<lines>
						<line branch="false" hits="0" number="2"/>
						<line branch="false" hits="0" number="5"/>
						<line branch="false" hits="0" number="7"/>
						<line branch="false" hits="0" number="10"/>
						<line branch="false" hits="0" number="12"/>
						<line branch="false" hits="0" number="15"/>
					</lines>
				</class>
				<class branch-rate="0.5" complexity="0.0" filename="test\stubs\Stub_Csm.c" line-rate="0.794117647059" name="Stub_Csm_c">
					<lines>
						<line branch="false" hits="1" number="129"/>
						<line branch="false" hits="1" number="131"/>
						<line branch="false" hits="1" number="132"/>
						<line branch="false" hits="3" number="136"/>
						<line branch="false" hits="2" number="11"/>
						<line branch="false" hits="3" number="142"/>
						<line branch="false" hits="3" number="143"/>
						<line branch="true" condition-coverage="50% (1/2)" hits="2" number="19">
							<conditions>
								<condition coverage="50%" number="0" type="jump"/>
							</conditions>
						</line>
						<line branch="false" hits="0" number="21"/>
						<line branch="false" hits="2" number="25"/>
						<line branch="false" hits="2" number="30"/>
						<line branch="false" hits="2" number="35"/>
						<line branch="false" hits="2" number="36"/>
						<line branch="false" hits="4" number="40"/>
						<line branch="false" hits="4" number="51"/>
						<line branch="false" hits="4" number="52"/>
						<line branch="false" hits="3" number="56"/>
						<line branch="false" hits="3" number="58"/>
						<line branch="false" hits="3" number="59"/>
						<line branch="false" hits="0" number="63"/>
						<line branch="false" hits="0" number="73"/>
						<line branch="false" hits="0" number="74"/>
						<line branch="false" hits="0" number="78"/>
						<line branch="false" hits="0" number="89"/>
						<line branch="false" hits="0" number="90"/>
						<line branch="false" hits="3" number="94"/>
						<line branch="false" hits="3" number="104"/>
						<line branch="false" hits="3" number="105"/>
						<line branch="false" hits="1" number="109"/>
						<line branch="false" hits="1" number="116"/>
						<line branch="false" hits="1" number="117"/>
						<line branch="false" hits="4" number="121"/>
						<line branch="false" hits="4" number="123"/>
						<line branch="false" hits="4" number="124"/>
					</lines>
				</class>
				<class branch-rate="0.0" complexity="0.0" filename="test\stubs\ansi_tsmemcpy.c" line-rate="0.75" name="ansi_tsmemcpy_c">
					<lines>
						<line branch="false" hits="0" number="36"/>
						<line branch="false" hits="17" number="5"/>
						<line branch="false" hits="17" number="12"/>
						<line branch="false" hits="17" number="13"/>
						<line branch="false" hits="17" number="14"/>
						<line branch="false" hits="31" number="16"/>
						<line branch="false" hits="31" number="26"/>
						<line branch="false" hits="0" number="28"/>
					</lines>
				</class>
				<class branch-rate="0.75" complexity="0.0" filename="test\stubs\nop_BL_Nvm_WriteSync.c" line-rate="1.0" name="nop_BL_Nvm_WriteSync_c">
					<lines>
						<line branch="false" hits="8" number="3"/>
						<line branch="false" hits="8" number="8"/>
						<line branch="false" hits="4" number="10"/>
						<line branch="false" hits="4" number="12"/>
						<line branch="true" condition-coverage="100% (2/2)" hits="4" number="13">
							<conditions>
								<condition coverage="100%" number="0" type="jump"/>
							</conditions>
						</line>
						<line branch="false" hits="2" number="15"/>
						<line branch="true" condition-coverage="50% (1/2)" hits="2" number="17">
							<conditions>
								<condition coverage="50%" number="0" type="jump"/>
							</conditions>
						</line>
						<line branch="false" hits="2" number="19"/>
						<line branch="false" hits="4" number="21"/>
					</lines>
				</class>
				<class branch-rate="0.0" complexity="0.0" filename="test\stubs\stub_Adc.c" line-rate="0.0" name="stub_Adc_c">
					<lines>
						<line branch="false" hits="0" number="1"/>
						<line branch="false" hits="0" number="2"/>
						<line branch="false" hits="0" number="3"/>
						<line branch="false" hits="0" number="4"/>
						<line branch="false" hits="0" number="5"/>
						<line branch="false" hits="0" number="6"/>
						<line branch="false" hits="0" number="7"/>
						<line branch="false" hits="0" number="8"/>
					</lines>
				</class>
				<class branch-rate="0.0" complexity="0.0" filename="test\stubs\stub_BL_Nvm.c" line-rate="0.6875" name="stub_BL_Nvm_c">
					<lines>
						<line branch="false" hits="1" number="3"/>
						<line branch="false" hits="1" number="6"/>
						<line branch="false" hits="4" number="7"/>
						<line branch="false" hits="4" number="13"/>
						<line branch="false" hits="15" number="16"/>
						<line branch="false" hits="15" number="22"/>
						<line branch="false" hits="15" number="23"/>
						<line branch="false" hits="0" number="28"/>
						<line branch="false" hits="0" number="34"/>
						<line branch="false" hits="1" number="37"/>
						<line branch="false" hits="1" number="42"/>
						<line branch="false" hits="8" number="45"/>
						<line branch="false" hits="8" number="50"/>
						<line branch="false" hits="0" number="54"/>
						<line branch="false" hits="0" number="56"/>
						<line branch="false" hits="0" number="60"/>
					</lines>
				</class>
				<class branch-rate="0.0" complexity="0.0" filename="test\stubs\stub_CDD_CPLD.c" line-rate="0.0" name="stub_CDD_CPLD_c">
					<lines>
						<line branch="false" hits="0" number="1"/>
						<line branch="false" hits="0" number="2"/>
						<line branch="false" hits="0" number="3"/>
						<line branch="false" hits="0" number="4"/>
						<line branch="false" hits="0" number="6"/>
						<line branch="false" hits="0" number="7"/>
						<line branch="false" hits="0" number="9"/>
						<line branch="false" hits="0" number="10"/>
					</lines>
				</class>
				<class branch-rate="1.0" complexity="0.0" filename="test\stubs\stub_CDD_DoipMOSTGateway_cbk.c" line-rate="1.0" name="stub_CDD_DoipMOSTGateway_cbk_c">
					<lines>
						<line branch="false" hits="5" number="32"/>
						<line branch="false" hits="2" number="37"/>
						<line branch="false" hits="2" number="39"/>
						<line branch="false" hits="2" number="40"/>
						<line branch="false" hits="6" number="21"/>
						<line branch="true" condition-coverage="100% (2/2)" hits="6" number="23">
							<conditions>
								<condition coverage="100%" number="0" type="jump"/>
							</conditions>
						</line>
						<line branch="false" hits="1" number="25"/>
						<line branch="false" hits="1" number="26"/>
						<line branch="false" hits="5" number="30"/>
						<line branch="false" hits="5" number="31"/>
					</lines>
				</class>
				<class branch-rate="0.0" complexity="0.0" filename="test\stubs\stub_CDD_MostDfbAmp.c" line-rate="1.0" name="stub_CDD_MostDfbAmp_c">
					<lines>
						<line branch="false" hits="14" number="5"/>
						<line branch="false" hits="14" number="7"/>
						<line branch="false" hits="1" number="10"/>
						<line branch="false" hits="1" number="12"/>
						<line branch="false" hits="1" number="13"/>
						<line branch="false" hits="1" number="15"/>
						<line branch="false" hits="1" number="17"/>
						<line branch="false" hits="1" number="18"/>
					</lines>
				</class>
				<class branch-rate="0.0" complexity="0.0" filename="test\stubs\stub_EthSm.c" line-rate="1.0" name="stub_EthSm_c">
					<lines>
						<line branch="false" hits="8" number="24"/>
						<line branch="false" hits="8" number="32"/>
						<line branch="false" hits="8" number="35"/>
						<line branch="false" hits="8" number="33"/>
					</lines>
				</class>
				<class branch-rate="0.0" complexity="0.0" filename="test\stubs\stub_Icu.c" line-rate="0.0" name="stub_Icu_c">
					<lines>
						<line branch="false" hits="0" number="1"/>
						<line branch="false" hits="0" number="2"/>
						<line branch="false" hits="0" number="3"/>
						<line branch="false" hits="0" number="4"/>
						<line branch="false" hits="0" number="7"/>
						<line branch="false" hits="0" number="10"/>
						<line branch="false" hits="0" number="12"/>
						<line branch="false" hits="0" number="14"/>
					</lines>
				</class>
				<class branch-rate="0.0" complexity="0.0" filename="test\stubs\stub_Mcu.c" line-rate="1.0" name="stub_Mcu_c">
					<lines>
						<line branch="false" hits="1" number="9"/>
						<line branch="false" hits="1" number="5"/>
						<line branch="false" hits="1" number="7"/>
					</lines>
				</class>
				<class branch-rate="0.0" complexity="0.0" filename="test\stubs\stub_MemStack.c" line-rate="0.0" name="stub_MemStack_c">
					<lines>
						<line branch="false" hits="0" number="15"/>
						<line branch="false" hits="0" number="18"/>
						<line branch="false" hits="0" number="20"/>
						<line branch="false" hits="0" number="23"/>
						<line branch="false" hits="0" number="25"/>
						<line branch="false" hits="0" number="28"/>
						<line branch="false" hits="0" number="30"/>
						<line branch="false" hits="0" number="33"/>
						<line branch="false" hits="0" number="35"/>
						<line branch="false" hits="0" number="38"/>
						<line branch="false" hits="0" number="40"/>
						<line branch="false" hits="0" number="43"/>
						<line branch="false" hits="0" number="46"/>
						<line branch="false" hits="0" number="53"/>
						<line branch="false" hits="0" number="55"/>
						<line branch="false" hits="0" number="62"/>
						<line branch="false" hits="0" number="64"/>
						<line branch="false" hits="0" number="67"/>
						<line branch="false" hits="0" number="68"/>
						<line branch="false" hits="0" number="71"/>
						<line branch="false" hits="0" number="72"/>
						<line branch="false" hits="0" number="75"/>
						<line branch="false" hits="0" number="76"/>
						<line branch="false" hits="0" number="79"/>
						<line branch="false" hits="0" number="81"/>
						<line branch="false" hits="0" number="83"/>
					</lines>
				</class>
				<class branch-rate="0.0" complexity="0.0" filename="test\stubs\stub_Os.c" line-rate="0.666666666667" name="stub_Os_c">
					<lines>
						<line branch="false" hits="2" number="5"/>
						<line branch="false" hits="2" number="8"/>
						<line branch="false" hits="2" number="10"/>
						<line branch="false" hits="2" number="13"/>
						<line branch="false" hits="1" number="15"/>
						<line branch="false" hits="1" number="17"/>
						<line branch="false" hits="11" number="22"/>
						<line branch="false" hits="11" number="24"/>
						<line branch="false" hits="11" number="25"/>
						<line branch="false" hits="4" number="30"/>
						<line branch="false" hits="4" number="32"/>
						<line branch="false" hits="4" number="33"/>
						<line branch="false" hits="0" number="37"/>
						<line branch="false" hits="0" number="40"/>
						<line branch="false" hits="0" number="42"/>
						<line branch="false" hits="0" number="45"/>
						<line branch="false" hits="0" number="47"/>
						<line branch="false" hits="0" number="48"/>
					</lines>
				</class>
				<class branch-rate="0.0" complexity="0.0" filename="test\stubs\stub_PowerSequence.c" line-rate="0.0" name="stub_PowerSequence_c">
					<lines>
						<line branch="false" hits="0" number="2"/>
						<line branch="false" hits="0" number="4"/>
						<line branch="false" hits="0" number="5"/>
					</lines>
				</class>
				<class branch-rate="0.0" complexity="0.0" filename="test\stubs\stub_Pwm.c" line-rate="0.0" name="stub_Pwm_c">
					<lines>
						<line branch="false" hits="0" number="1"/>
						<line branch="false" hits="0" number="2"/>
					</lines>
				</class>
				<class branch-rate="0.0" complexity="0.0" filename="test\stubs\stub_Pwr_Seq.c" line-rate="1.0" name="stub_Pwr_Seq_c">
					<lines>
						<line branch="false" hits="6" number="5"/>
						<line branch="false" hits="6" number="10"/>
						<line branch="false" hits="6" number="12"/>
						<line branch="false" hits="32" number="17"/>
						<line branch="false" hits="32" number="19"/>
						<line branch="false" hits="32" number="21"/>
					</lines>
				</class>
				<class branch-rate="0.0" complexity="0.0" filename="test\stubs\stub_Rte_PartionSwitchSWC.c" line-rate="1.0" name="stub_Rte_PartionSwitchSWC_c">
					<lines>
						<line branch="false" hits="5" number="19"/>
						<line branch="false" hits="5" number="21"/>
						<line branch="false" hits="5" number="22"/>
					</lines>
				</class>
				<class branch-rate="0.0" complexity="0.0" filename="test\stubs\stub_Rte_SWC_ICCSWUpdate_forwarding.c" line-rate="1.0" name="stub_Rte_SWC_ICCSWUpdate_forwarding_c">
					<lines>
						<line branch="false" hits="2" number="128"/>
						<line branch="false" hits="2" number="131"/>
						<line branch="false" hits="2" number="49"/>
						<line branch="false" hits="2" number="52"/>
						<line branch="false" hits="1" number="55"/>
						<line branch="false" hits="1" number="60"/>
						<line branch="false" hits="1" number="63"/>
						<line branch="false" hits="1" number="67"/>
						<line branch="false" hits="1" number="70"/>
						<line branch="false" hits="1" number="75"/>
						<line branch="false" hits="1" number="78"/>
						<line branch="false" hits="1" number="82"/>
						<line branch="false" hits="1" number="85"/>
						<line branch="false" hits="1" number="87"/>
						<line branch="false" hits="1" number="90"/>
						<line branch="false" hits="1" number="101"/>
						<line branch="false" hits="1" number="104"/>
						<line branch="false" hits="1" number="107"/>
						<line branch="false" hits="1" number="110"/>
						<line branch="false" hits="1" number="115"/>
						<line branch="false" hits="1" number="117"/>
						<line branch="false" hits="1" number="120"/>
						<line branch="false" hits="1" number="122"/>
						<line branch="false" hits="1" number="125"/>
					</lines>
				</class>
				<class branch-rate="0.0" complexity="0.0" filename="test\stubs\stub_Rte_SWC_SwUpdateMOST.c" line-rate="1.0" name="stub_Rte_SWC_SwUpdateMOST_c">
					<lines>
						<line branch="false" hits="2" number="34"/>
						<line branch="false" hits="2" number="36"/>
						<line branch="false" hits="2" number="37"/>
						<line branch="false" hits="1" number="22"/>
						<line branch="false" hits="1" number="24"/>
						<line branch="false" hits="1" number="29"/>
					</lines>
				</class>
				<class branch-rate="0.0" complexity="0.0" filename="test\stubs\stub_SWC_ICCDiagnostics.c" line-rate="0.0" name="stub_SWC_ICCDiagnostics_c">
					<lines>
						<line branch="false" hits="0" number="1"/>
						<line branch="false" hits="0" number="5"/>
						<line branch="false" hits="0" number="8"/>
						<line branch="false" hits="0" number="10"/>
						<line branch="false" hits="0" number="13"/>
						<line branch="false" hits="0" number="17"/>
						<line branch="false" hits="0" number="20"/>
						<line branch="false" hits="0" number="22"/>
						<line branch="false" hits="0" number="25"/>
						<line branch="false" hits="0" number="29"/>
						<line branch="false" hits="0" number="32"/>
						<line branch="false" hits="0" number="36"/>
						<line branch="false" hits="0" number="40"/>
						<line branch="false" hits="0" number="44"/>
						<line branch="false" hits="0" number="47"/>
						<line branch="false" hits="0" number="49"/>
						<line branch="false" hits="0" number="52"/>
						<line branch="false" hits="0" number="54"/>
						<line branch="false" hits="0" number="57"/>
						<line branch="false" hits="0" number="59"/>
					</lines>
				</class>
				<class branch-rate="0.0" complexity="0.0" filename="test\stubs\stub_SWC_ICCSWUpdate_flashing.c" line-rate="1.0" name="stub_SWC_ICCSWUpdate_flashing_c">
					<lines>
						<line branch="false" hits="1" number="2"/>
						<line branch="false" hits="1" number="4"/>
						<line branch="false" hits="1" number="6"/>
						<line branch="false" hits="2" number="9"/>
						<line branch="false" hits="2" number="11"/>
						<line branch="false" hits="2" number="13"/>
						<line branch="false" hits="1" number="16"/>
						<line branch="false" hits="1" number="18"/>
						<line branch="false" hits="1" number="20"/>
						<line branch="false" hits="1" number="23"/>
						<line branch="false" hits="1" number="25"/>
						<line branch="false" hits="1" number="27"/>
						<line branch="false" hits="1" number="30"/>
						<line branch="false" hits="1" number="32"/>
						<line branch="false" hits="1" number="35"/>
						<line branch="false" hits="1" number="38"/>
						<line branch="false" hits="1" number="40"/>
						<line branch="false" hits="1" number="42"/>
						<line branch="false" hits="1" number="46"/>
						<line branch="false" hits="1" number="48"/>
						<line branch="false" hits="1" number="51"/>
						<line branch="false" hits="11" number="53"/>
						<line branch="false" hits="11" number="56"/>
					</lines>
				</class>
				<class branch-rate="0.0" complexity="0.0" filename="test\stubs\stub_SWC_ICCSWUpdate_forwarding.c" line-rate="0.0" name="stub_SWC_ICCSWUpdate_forwarding_c">
					<lines>
						<line branch="false" hits="0" number="3"/>
						<line branch="false" hits="0" number="7"/>
						<line branch="false" hits="0" number="10"/>
						<line branch="false" hits="0" number="14"/>
						<line branch="false" hits="0" number="18"/>
						<line branch="false" hits="0" number="22"/>
						<line branch="false" hits="0" number="26"/>
						<line branch="false" hits="0" number="30"/>
						<line branch="false" hits="0" number="35"/>
						<line branch="false" hits="0" number="39"/>
						<line branch="false" hits="0" number="42"/>
						<line branch="false" hits="0" number="46"/>
						<line branch="false" hits="0" number="50"/>
						<line branch="false" hits="0" number="54"/>
						<line branch="false" hits="0" number="58"/>
						<line branch="false" hits="0" number="62"/>
						<line branch="false" hits="0" number="66"/>
						<line branch="false" hits="0" number="70"/>
						<line branch="false" hits="0" number="73"/>
						<line branch="false" hits="0" number="76"/>
						<line branch="false" hits="0" number="77"/>
						<line branch="false" hits="0" number="78"/>
						<line branch="false" hits="0" number="82"/>
						<line branch="false" hits="0" number="84"/>
						<line branch="false" hits="0" number="88"/>
						<line branch="false" hits="0" number="90"/>
						<line branch="false" hits="0" number="94"/>
						<line branch="false" hits="0" number="96"/>
						<line branch="false" hits="0" number="98"/>
					</lines>
				</class>
				<class branch-rate="0.0" complexity="0.0" filename="test\stubs\stub_SWC_IoHwAbs.c" line-rate="0.0" name="stub_SWC_IoHwAbs_c">
					<lines>
						<line branch="false" hits="0" number="1"/>
						<line branch="false" hits="0" number="2"/>
						<line branch="false" hits="0" number="3"/>
						<line branch="false" hits="0" number="4"/>
					</lines>
				</class>
				<class branch-rate="0.0" complexity="0.0" filename="test\stubs\stub_SWC_SwUpdateMOST.c" line-rate="0.0" name="stub_SWC_SwUpdateMOST_c">
					<lines>
						<line branch="false" hits="0" number="3"/>
						<line branch="false" hits="0" number="5"/>
					</lines>
				</class>
				<class branch-rate="0.625" complexity="0.0" filename="test\stubs\stub_Sd_MSoC_Flash_Service.c" line-rate="0.55" name="stub_Sd_MSoC_Flash_Service_c">
					<lines>
						<line branch="false" hits="0" number="32"/>
						<line branch="false" hits="0" number="33"/>
						<line branch="false" hits="0" number="34"/>
						<line branch="true" condition-coverage="50% (1/2)" hits="11" number="27">
							<conditions>
								<condition coverage="50%" number="0" type="jump"/>
							</conditions>
						</line>
						<line branch="false" hits="0" number="37"/>
						<line branch="false" hits="11" number="31"/>
						<line branch="false" hits="22" number="11"/>
						<line branch="false" hits="0" number="44"/>
						<line branch="true" condition-coverage="100% (2/2)" hits="22" number="13">
							<conditions>
								<condition coverage="100%" number="0" type="jump"/>
							</conditions>
						</line>
						<line branch="false" hits="22" number="47"/>
						<line branch="false" hits="11" number="16"/>
						<line branch="false" hits="11" number="17"/>
						<line branch="false" hits="0" number="18"/>
						<line branch="false" hits="0" number="19"/>
						<line branch="false" hits="0" number="20"/>
						<line branch="false" hits="0" number="23"/>
						<line branch="true" condition-coverage="50% (1/2)" hits="11" number="15">
							<conditions>
								<condition coverage="50%" number="0" type="jump"/>
							</conditions>
						</line>
						<line branch="true" condition-coverage="50% (1/2)" hits="11" number="29">
							<conditions>
								<condition coverage="50%" number="0" type="jump"/>
							</conditions>
						</line>
						<line branch="false" hits="11" number="30"/>
						<line branch="false" hits="22" number="5"/>
					</lines>
				</class>
				<class branch-rate="0.0" complexity="0.0" filename="test\stubs\stub_Shell.c" line-rate="0.4375" name="stub_Shell_c">
					<lines>
						<line branch="false" hits="52" number="9"/>
						<line branch="false" hits="52" number="11"/>
						<line branch="false" hits="52" number="12"/>
						<line branch="false" hits="52" number="13"/>
						<line branch="false" hits="16" number="15"/>
						<line branch="false" hits="16" number="17"/>
						<line branch="false" hits="16" number="18"/>
						<line branch="false" hits="0" number="20"/>
						<line branch="false" hits="0" number="23"/>
						<line branch="false" hits="0" number="25"/>
						<line branch="false" hits="0" number="27"/>
						<line branch="false" hits="0" number="29"/>
						<line branch="false" hits="0" number="31"/>
						<line branch="false" hits="0" number="34"/>
						<line branch="false" hits="0" number="36"/>
						<line branch="false" hits="0" number="37"/>
					</lines>
				</class>
				<class branch-rate="0.0" complexity="0.0" filename="test\stubs\stub_Spi.c" line-rate="1.0" name="stub_Spi_c">
					<lines>
						<line branch="false" hits="31" number="2"/>
						<line branch="false" hits="31" number="10"/>
						<line branch="false" hits="31" number="11"/>
						<line branch="false" hits="31" number="16"/>
						<line branch="false" hits="31" number="21"/>
						<line branch="false" hits="31" number="23"/>
					</lines>
				</class>
				<class branch-rate="0.0" complexity="0.0" filename="test\stubs\stub_app_prg.c" line-rate="0.0" name="stub_app_prg_c">
					<lines>
						<line branch="false" hits="0" number="2"/>
						<line branch="false" hits="0" number="5"/>
						<line branch="false" hits="0" number="7"/>
						<line branch="false" hits="0" number="10"/>
						<line branch="false" hits="0" number="12"/>
						<line branch="false" hits="0" number="17"/>
						<line branch="false" hits="0" number="20"/>
						<line branch="false" hits="0" number="25"/>
						<line branch="false" hits="0" number="28"/>
						<line branch="false" hits="0" number="33"/>
						<line branch="false" hits="0" number="36"/>
						<line branch="false" hits="0" number="41"/>
						<line branch="false" hits="0" number="44"/>
						<line branch="false" hits="0" number="49"/>
						<line branch="false" hits="0" number="52"/>
						<line branch="false" hits="0" number="57"/>
						<line branch="false" hits="0" number="60"/>
						<line branch="false" hits="0" number="65"/>
						<line branch="false" hits="0" number="68"/>
						<line branch="false" hits="0" number="73"/>
						<line branch="false" hits="0" number="76"/>
						<line branch="false" hits="0" number="81"/>
						<line branch="false" hits="0" number="84"/>
						<line branch="false" hits="0" number="89"/>
						<line branch="false" hits="0" number="92"/>
						<line branch="false" hits="0" number="96"/>
					</lines>
				</class>
				<class branch-rate="0.0" complexity="0.0" filename="test\stubs\stub_app_prg_test.c" line-rate="0.0" name="stub_app_prg_test_c">
					<lines>
						<line branch="false" hits="0" number="9"/>
						<line branch="false" hits="0" number="11"/>
						<line branch="false" hits="0" number="12"/>
						<line branch="false" hits="0" number="15"/>
						<line branch="false" hits="0" number="17"/>
						<line branch="false" hits="0" number="18"/>
						<line branch="false" hits="0" number="21"/>
						<line branch="false" hits="0" number="24"/>
						<line branch="false" hits="0" number="26"/>
						<line branch="false" hits="0" number="29"/>
						<line branch="false" hits="0" number="31"/>
						<line branch="false" hits="0" number="34"/>
						<line branch="false" hits="0" number="36"/>
						<line branch="false" hits="0" number="39"/>
						<line branch="false" hits="0" number="41"/>
						<line branch="false" hits="0" number="44"/>
						<line branch="false" hits="0" number="46"/>
						<line branch="false" hits="0" number="49"/>
						<line branch="false" hits="0" number="51"/>
						<line branch="false" hits="0" number="54"/>
						<line branch="false" hits="0" number="56"/>
						<line branch="false" hits="0" number="59"/>
					</lines>
				</class>
				<class branch-rate="1.0" complexity="0.0" filename="test\stubs\stub_bl_plugins_CddDoipMostGateway.c" line-rate="1.0" name="stub_bl_plugins_CddDoipMostGateway_c">
					<lines>
						<line branch="false" hits="5" number="32"/>
						<line branch="false" hits="3" number="10"/>
						<line branch="false" hits="3" number="12"/>
						<line branch="false" hits="3" number="13"/>
						<line branch="false" hits="2" number="15"/>
						<line branch="false" hits="2" number="17"/>
						<line branch="false" hits="2" number="18"/>
						<line branch="false" hits="7" number="20"/>
						<line branch="true" condition-coverage="100% (2/2)" hits="7" number="26">
							<conditions>
								<condition coverage="100%" number="0" type="jump"/>
							</conditions>
						</line>
						<line branch="false" hits="2" number="28"/>
					</lines>
				</class>
				<class branch-rate="0.0" complexity="0.0" filename="test\stubs\stub_board.c" line-rate="0.0" name="stub_board_c">
					<lines>
						<line branch="false" hits="0" number="1"/>
						<line branch="false" hits="0" number="3"/>
						<line branch="false" hits="0" number="6"/>
						<line branch="false" hits="0" number="9"/>
						<line branch="false" hits="0" number="11"/>
						<line branch="false" hits="0" number="14"/>
					</lines>
				</class>
				<class branch-rate="0.0" complexity="0.0" filename="test\stubs\stub_eb_hsm_proxy.c" line-rate="0.0" name="stub_eb_hsm_proxy_c">
					<lines>
						<line branch="false" hits="0" number="129"/>
						<line branch="false" hits="0" number="3"/>
						<line branch="false" hits="0" number="133"/>
						<line branch="false" hits="0" number="6"/>
						<line branch="false" hits="0" number="10"/>
						<line branch="false" hits="0" number="16"/>
						<line branch="false" hits="0" number="17"/>
						<line branch="false" hits="0" number="149"/>
						<line branch="false" hits="0" number="22"/>
						<line branch="false" hits="0" number="153"/>
						<line branch="false" hits="0" number="28"/>
						<line branch="false" hits="0" number="29"/>
						<line branch="false" hits="0" number="51"/>
						<line branch="false" hits="0" number="34"/>
						<line branch="false" hits="0" number="38"/>
						<line branch="false" hits="0" number="39"/>
						<line branch="false" hits="0" number="171"/>
						<line branch="false" hits="0" number="44"/>
						<line branch="false" hits="0" number="173"/>
						<line branch="false" hits="0" number="177"/>
						<line branch="false" hits="0" number="50"/>
						<line branch="false" hits="0" number="179"/>
						<line branch="false" hits="0" number="55"/>
						<line branch="false" hits="0" number="64"/>
						<line branch="false" hits="0" number="68"/>
						<line branch="false" hits="0" number="75"/>
						<line branch="false" hits="0" number="79"/>
						<line branch="false" hits="0" number="88"/>
						<line branch="false" hits="0" number="92"/>
						<line branch="false" hits="0" number="100"/>
						<line branch="false" hits="0" number="104"/>
						<line branch="false" hits="0" number="167"/>
						<line branch="false" hits="0" number="111"/>
						<line branch="false" hits="0" number="115"/>
						<line branch="false" hits="0" number="120"/>
						<line branch="false" hits="0" number="124"/>
					</lines>
				</class>
				<class branch-rate="0.0" complexity="0.0" filename="test\stubs\stub_fee.c" line-rate="0.0" name="stub_fee_c">
					<lines>
						<line branch="false" hits="0" number="4"/>
						<line branch="false" hits="0" number="6"/>
					</lines>
				</class>
				<class branch-rate="0.0" complexity="0.0" filename="test\stubs\stub_generated_template_APP_Prg.c" line-rate="0.0" name="stub_generated_template_APP_Prg_c">
					<lines>
						<line branch="false" hits="0" number="1"/>
						<line branch="false" hits="0" number="6"/>
						<line branch="false" hits="0" number="9"/>
						<line branch="false" hits="0" number="13"/>
						<line branch="false" hits="0" number="16"/>
						<line branch="false" hits="0" number="18"/>
					</lines>
				</class>
				<class branch-rate="0.0" complexity="0.0" filename="test\stubs\stub_generated_template_UDS_Cbk.c" line-rate="0.1" name="stub_generated_template_UDS_Cbk_c">
					<lines>
						<line branch="false" hits="0" number="64"/>
						<line branch="false" hits="0" number="33"/>
						<line branch="false" hits="7" number="2"/>
						<line branch="false" hits="0" number="36"/>
						<line branch="false" hits="0" number="22"/>
						<line branch="false" hits="7" number="6"/>
						<line branch="false" hits="0" number="8"/>
						<line branch="false" hits="0" number="29"/>
						<line branch="false" hits="0" number="43"/>
						<line branch="false" hits="0" number="12"/>
						<line branch="false" hits="0" number="15"/>
						<line branch="false" hits="0" number="40"/>
						<line branch="false" hits="0" number="50"/>
						<line branch="false" hits="0" number="19"/>
						<line branch="false" hits="0" number="54"/>
						<line branch="false" hits="0" number="57"/>
						<line branch="false" hits="0" number="68"/>
						<line branch="false" hits="0" number="26"/>
						<line branch="false" hits="0" number="47"/>
						<line branch="false" hits="0" number="61"/>
					</lines>
				</class>
				<class branch-rate="0.0" complexity="0.0" filename="test\stubs\stub_kds.c" line-rate="0.0" name="stub_kds_c">
					<lines>
						<line branch="false" hits="0" number="3"/>
						<line branch="false" hits="0" number="4"/>
						<line branch="false" hits="0" number="6"/>
						<line branch="false" hits="0" number="7"/>
						<line branch="false" hits="0" number="9"/>
						<line branch="false" hits="0" number="10"/>
						<line branch="false" hits="0" number="12"/>
						<line branch="false" hits="0" number="13"/>
						<line branch="false" hits="0" number="15"/>
						<line branch="false" hits="0" number="16"/>
						<line branch="false" hits="0" number="18"/>
						<line branch="false" hits="0" number="21"/>
						<line branch="false" hits="0" number="23"/>
						<line branch="false" hits="0" number="25"/>
					</lines>
				</class>
				<class branch-rate="0.0" complexity="0.0" filename="test\stubs\stub_mcal.c" line-rate="0.0" name="stub_mcal_c">
					<lines>
						<line branch="false" hits="0" number="19"/>
						<line branch="false" hits="0" number="21"/>
						<line branch="false" hits="0" number="22"/>
						<line branch="false" hits="0" number="25"/>
						<line branch="false" hits="0" number="27"/>
						<line branch="false" hits="0" number="28"/>
						<line branch="false" hits="0" number="31"/>
						<line branch="false" hits="0" number="33"/>
						<line branch="false" hits="0" number="34"/>
						<line branch="false" hits="0" number="37"/>
						<line branch="false" hits="0" number="40"/>
						<line branch="false" hits="0" number="41"/>
						<line branch="false" hits="0" number="44"/>
						<line branch="false" hits="0" number="49"/>
						<line branch="false" hits="0" number="50"/>
						<line branch="false" hits="0" number="53"/>
						<line branch="false" hits="0" number="55"/>
						<line branch="false" hits="0" number="56"/>
						<line branch="false" hits="0" number="59"/>
						<line branch="false" hits="0" number="61"/>
						<line branch="false" hits="0" number="62"/>
						<line branch="false" hits="0" number="66"/>
						<line branch="false" hits="0" number="69"/>
						<line branch="false" hits="0" number="71"/>
						<line branch="false" hits="0" number="74"/>
						<line branch="false" hits="0" number="76"/>
						<line branch="false" hits="0" number="77"/>
						<line branch="false" hits="0" number="79"/>
						<line branch="false" hits="0" number="82"/>
						<line branch="false" hits="0" number="85"/>
						<line branch="false" hits="0" number="88"/>
						<line branch="false" hits="0" number="89"/>
						<line branch="false" hits="0" number="91"/>
						<line branch="false" hits="0" number="94"/>
					</lines>
				</class>
				<class branch-rate="0.0" complexity="0.0" filename="test\stubs\stub_ota_dualbank.c" line-rate="0.6" name="stub_ota_dualbank_c">
					<lines>
						<line branch="false" hits="3" number="3"/>
						<line branch="false" hits="3" number="6"/>
						<line branch="false" hits="3" number="7"/>
						<line branch="false" hits="0" number="8"/>
						<line branch="false" hits="0" number="11"/>
					</lines>
				</class>
				<class branch-rate="0.0" complexity="0.0" filename="test\stubs\stub_plugin_BlPduR_TS_TxDxM0I7R0__BlPduR_Prg.c" line-rate="0.0" name="stub_plugin_BlPduR_TS_TxDxM0I7R0__BlPduR_Prg_c">
					<lines>
						<line branch="false" hits="0" number="3"/>
						<line branch="false" hits="0" number="5"/>
						<line branch="false" hits="0" number="6"/>
						<line branch="false" hits="0" number="9"/>
						<line branch="false" hits="0" number="13"/>
					</lines>
				</class>
				<class branch-rate="0.0" complexity="0.0" filename="test\stubs\stub_plugin_CanIf.c" line-rate="0.0" name="stub_plugin_CanIf_c">
					<lines>
						<line branch="false" hits="0" number="9"/>
						<line branch="false" hits="0" number="10"/>
						<line branch="false" hits="0" number="3"/>
					</lines>
				</class>
				<class branch-rate="0.0" complexity="0.0" filename="test\stubs\stub_plugin_CanSm.c" line-rate="0.0" name="stub_plugin_CanSm_c">
					<lines>
						<line branch="false" hits="0" number="4"/>
						<line branch="false" hits="0" number="9"/>
						<line branch="false" hits="0" number="10"/>
						<line branch="false" hits="0" number="12"/>
						<line branch="false" hits="0" number="19"/>
						<line branch="false" hits="0" number="20"/>
					</lines>
				</class>
				<class branch-rate="0.0" complexity="0.0" filename="test\stubs\stub_plugin_CanTp.c" line-rate="0.0" name="stub_plugin_CanTp_c">
					<lines>
						<line branch="false" hits="0" number="9"/>
						<line branch="false" hits="0" number="10"/>
						<line branch="false" hits="0" number="3"/>
					</lines>
				</class>
[...]
						<line branch="false" hits="0" number="183"/>
						<line branch="false" hits="0" number="59"/>
						<line branch="false" hits="0" number="63"/>
						<line branch="false" hits="0" number="193"/>
						<line branch="false" hits="0" number="67"/>
						<line branch="false" hits="0" number="69"/>
						<line branch="false" hits="0" number="73"/>
						<line branch="false" hits="0" number="202"/>
						<line branch="false" hits="0" number="76"/>
						<line branch="false" hits="0" number="78"/>
						<line branch="false" hits="0" number="207"/>
						<line branch="false" hits="0" number="81"/>
						<line branch="false" hits="0" number="211"/>
						<line branch="false" hits="0" number="214"/>
						<line branch="false" hits="0" number="216"/>
						<line branch="false" hits="0" number="219"/>
						<line branch="false" hits="0" number="92"/>
						<line branch="false" hits="0" number="94"/>
						<line branch="false" hits="0" number="225"/>
						<line branch="false" hits="0" number="98"/>
						<line branch="false" hits="0" number="123"/>
						<line branch="false" hits="0" number="102"/>
						<line branch="false" hits="0" number="106"/>
						<line branch="false" hits="0" number="236"/>
						<line branch="false" hits="0" number="237"/>
						<line branch="false" hits="0" number="239"/>
						<line branch="false" hits="0" number="113"/>
						<line branch="false" hits="0" number="204"/>
						<line branch="false" hits="0" number="191"/>
						<line branch="false" hits="0" number="234"/>
					</lines>
				</class>
				<class branch-rate="0.0" complexity="0.0" filename="source\application\SchM.c" line-rate="0.0" name="SchM_c">
					<lines>
						<line branch="false" hits="0" number="50"/>
						<line branch="false" hits="0" number="52"/>
						<line branch="false" hits="0" number="54"/>
						<line branch="false" hits="0" number="56"/>
						<line branch="false" hits="0" number="58"/>
						<line branch="false" hits="0" number="60"/>
					</lines>
				</class>
				<class branch-rate="0.76" complexity="0.0" filename="source\application\csmwrapper.c" line-rate="0.817391304348" name="csmwrapper_c">
					<lines>
						<line branch="false" hits="3" number="104"/>
						<line branch="false" hits="3" number="106"/>
						<line branch="false" hits="3" number="107"/>
						<line branch="false" hits="3" number="108"/>
						<line branch="false" hits="3" number="109"/>
						<line branch="false" hits="3" number="110"/>
						<line branch="false" hits="3" number="111"/>
						<line branch="true" condition-coverage="50% (1/2)" hits="3" number="112">
							<conditions>
								<condition coverage="50%" number="0" type="jump"/>
							</conditions>
						</line>
						<line branch="false" hits="0" number="118"/>
						<line branch="false" hits="0" number="119"/>
						<line branch="true" condition-coverage="100% (2/2)" hits="3" number="123">
							<conditions>
								<condition coverage="100%" number="0" type="jump"/>
							</conditions>
						</line>
						<line branch="true" condition-coverage="100% (2/2)" hits="33" number="162">
							<conditions>
								<condition coverage="100%" number="0" type="jump"/>
							</conditions>
						</line>
						<line branch="false" hits="32" number="164"/>
						<line branch="false" hits="1" number="166"/>
						<line branch="false" hits="1" number="167"/>
						<line branch="true" condition-coverage="100% (2/2)" hits="2" number="170">
							<conditions>
								<condition coverage="100%" number="0" type="jump"/>
							</conditions>
						</line>
						<line branch="true" condition-coverage="100% (2/2)" hits="33" number="208">
							<conditions>
								<condition coverage="100%" number="0" type="jump"/>
							</conditions>
						</line>
						<line branch="false" hits="32" number="210"/>
						<line branch="false" hits="1" number="212"/>
						<line branch="false" hits="1" number="213"/>
						<line branch="false" hits="1" number="215"/>
						<line branch="false" hits="1" number="221"/>
						<line branch="true" condition-coverage="75% (3/4)" hits="3" number="224">
							<conditions>
								<condition coverage="75%" number="0" type="jump"/>
							</conditions>
						</line>
						<line branch="false" hits="2" number="230"/>
						<line branch="true" condition-coverage="50% (1/2)" hits="2" number="231">
							<conditions>
								<condition coverage="50%" number="0" type="jump"/>
							</conditions>
						</line>
						<line branch="false" hits="2" number="233"/>
						<line branch="false" hits="0" number="238"/>
						<line branch="false" hits="3" number="243"/>
						<line branch="false" hits="1" number="246"/>
						<line branch="false" hits="1" number="248"/>
						<line branch="true" condition-coverage="50% (1/2)" hits="1" number="249">
							<conditions>
								<condition coverage="50%" number="0" type="jump"/>
							</conditions>
						</line>
						<line branch="false" hits="0" number="255"/>
						<line branch="false" hits="0" number="256"/>
						<line branch="true" condition-coverage="50% (1/2)" hits="1" number="258">
							<conditions>
								<condition coverage="50%" number="0" type="jump"/>
							</conditions>
						</line>
						<line branch="false" hits="0" number="261"/>
						<line branch="false" hits="1" number="266"/>
						<line branch="false" hits="1" number="270"/>
						<line branch="false" hits="1" number="273"/>
						<line branch="false" hits="1" number="275"/>
						<line branch="false" hits="1" number="276"/>
						<line branch="false" hits="1" number="277"/>
						<line branch="true" condition-coverage="50% (1/2)" hits="1" number="278">
							<conditions>
								<condition coverage="50%" number="0" type="jump"/>
							</conditions>
						</line>
						<line branch="false" hits="0" number="280"/>
						<line branch="false" hits="0" number="281"/>
						<line branch="false" hits="0" number="282"/>
						<line branch="false" hits="0" number="285"/>
						<line branch="false" hits="0" number="286"/>
						<line branch="false" hits="0" number="289"/>
						<line branch="false" hits="1" number="297"/>
						<line branch="false" hits="1" number="301"/>
						<line branch="false" hits="4" number="304"/>
						<line branch="true" condition-coverage="100% (2/2)" hits="4" number="307">
							<conditions>
								<condition coverage="100%" number="0" type="jump"/>
							</conditions>
						</line>
						<line branch="true" condition-coverage="50% (1/2)" hits="3" number="310">
							<conditions>
								<condition coverage="50%" number="0" type="jump"/>
							</conditions>
						</line>
						<line branch="false" hits="3" number="313"/>
						<line branch="false" hits="4" number="316"/>
						<line branch="false" hits="1" number="321"/>
						<line branch="false" hits="1" number="323"/>
						<line branch="false" hits="1" number="326"/>
						<line branch="true" condition-coverage="50% (1/2)" hits="1" number="328">
							<conditions>
								<condition coverage="50%" number="0" type="jump"/>
							</conditions>
						</line>
						<line branch="false" hits="0" number="331"/>
						<line branch="false" hits="0" number="332"/>
						<line branch="false" hits="0" number="337"/>
						<line branch="false" hits="0" number="339"/>
						<line branch="false" hits="0" number="341"/>
						<line branch="false" hits="1" number="356"/>
						<line branch="false" hits="1" number="359"/>
						<line branch="false" hits="1" number="362"/>
						<line branch="false" hits="1" number="364"/>
						<line branch="true" condition-coverage="50% (1/2)" hits="1" number="366">
							<conditions>
								<condition coverage="50%" number="0" type="jump"/>
							</conditions>
						</line>
						<line branch="false" hits="0" number="368"/>
						<line branch="false" hits="1" number="374"/>
						<line branch="false" hits="1" number="377"/>
						<line branch="false" hits="1" number="380"/>
						<line branch="false" hits="1" number="382"/>
						<line branch="true" condition-coverage="50% (1/2)" hits="1" number="385">
							<conditions>
								<condition coverage="50%" number="0" type="jump"/>
							</conditions>
						</line>
						<line branch="false" hits="0" number="391"/>
						<line branch="false" hits="0" number="392"/>
						<line branch="false" hits="1" number="397"/>
						<line branch="false" hits="1" number="400"/>
						<line branch="false" hits="1" number="406"/>
						<line branch="false" hits="1" number="408"/>
						<line branch="false" hits="1" number="411"/>
						<line branch="false" hits="1" number="413"/>
						<line branch="false" hits="1" number="415"/>
						<line branch="false" hits="1" number="418"/>
						<line branch="false" hits="1" number="420"/>
						<line branch="false" hits="1" number="422"/>
						<line branch="false" hits="1" number="424"/>
						<line branch="false" hits="1" number="427"/>
						<line branch="false" hits="1" number="429"/>
						<line branch="false" hits="1" number="431"/>
						<line branch="false" hits="1" number="433"/>
						<line branch="false" hits="7" number="435"/>
						<line branch="true" condition-coverage="83% (5/6)" hits="11" number="439">
							<conditions>
								<condition coverage="83%" number="0" type="jump"/>
							</conditions>
						</line>
						<line branch="true" condition-coverage="100% (2/2)" hits="6" number="440">
							<conditions>
								<condition coverage="100%" number="0" type="jump"/>
							</conditions>
						</line>
						<line branch="false" hits="4" number="442"/>
						<line branch="false" hits="3" number="446"/>
						<line branch="false" hits="7" number="448"/>
						<line branch="false" hits="2" number="450"/>
						<line branch="true" condition-coverage="100% (2/2)" hits="2" number="453">
							<conditions>
								<condition coverage="100%" number="0" type="jump"/>
							</conditions>
						</line>
						<line branch="false" hits="1" number="456"/>
						<line branch="true" condition-coverage="50% (1/2)" hits="1" number="461">
							<conditions>
								<condition coverage="50%" number="0" type="jump"/>
							</conditions>
						</line>
						<line branch="false" hits="0" number="463"/>
						<line branch="false" hits="2" number="466"/>
						<line branch="false" hits="5" number="468"/>
						<line branch="false" hits="5" number="473"/>
						<line branch="true" condition-coverage="100% (2/2)" hits="40" number="475">
							<conditions>
								<condition coverage="100%" number="0" type="jump"/>
							</conditions>
						</line>
						<line branch="true" condition-coverage="100% (2/2)" hits="35" number="477">
							<conditions>
								<condition coverage="100%" number="0" type="jump"/>
							</conditions>
						</line>
						<line branch="false" hits="2" number="481"/>
						<line branch="true" condition-coverage="100% (2/2)" hits="35" number="487">
							<conditions>
								<condition coverage="100%" number="0" type="jump"/>
							</conditions>
						</line>
						<line branch="false" hits="1" number="489"/>
						<line branch="false" hits="1" number="492"/>
						<line branch="false" hits="5" number="496"/>
						<line branch="false" hits="1" number="498"/>
						<line branch="false" hits="1" number="506"/>
					</lines>
				</class>
			</classes>
		</package>
		<package branch-rate="0.0" complexity="0.0" line-rate="0.0" name="source.stubs">
			<classes>
				<class branch-rate="0.0" complexity="0.0" filename="source\stubs\BswM_EthSM.h" line-rate="0.0" name="BswM_EthSM_h">
					<lines>
						<line branch="false" hits="0" number="4"/>
						<line branch="false" hits="0" number="6"/>
					</lines>
				</class>
				<class branch-rate="0.0" complexity="0.0" filename="source\stubs\BswM.c" line-rate="0.0" name="BswM_c">
					<lines>
						<line branch="false" hits="0" number="129"/>
						<line branch="false" hits="0" number="131"/>
						<line branch="false" hits="0" number="132"/>
						<line branch="false" hits="0" number="133"/>
						<line branch="false" hits="0" number="64"/>
						<line branch="false" hits="0" number="140"/>
						<line branch="false" hits="0" number="143"/>
						<line branch="false" hits="0" number="151"/>
						<line branch="false" hits="0" number="154"/>
						<line branch="false" hits="0" number="157"/>
						<line branch="false" hits="0" number="160"/>
						<line branch="false" hits="0" number="162"/>
						<line branch="false" hits="0" number="163"/>
						<line branch="false" hits="0" number="164"/>
						<line branch="false" hits="0" number="41"/>
						<line branch="false" hits="0" number="171"/>
						<line branch="false" hits="0" number="174"/>
						<line branch="false" hits="0" number="49"/>
						<line branch="false" hits="0" number="51"/>
						<line branch="false" hits="0" number="53"/>
						<line branch="false" hits="0" number="55"/>
						<line branch="false" hits="0" number="184"/>
						<line branch="false" hits="0" number="58"/>
						<line branch="false" hits="0" number="59"/>
						<line branch="false" hits="0" number="62"/>
						<line branch="false" hits="0" number="181"/>
						<line branch="false" hits="0" number="192"/>
						<line branch="false" hits="0" number="195"/>
						<line branch="false" hits="0" number="72"/>
						<line branch="false" hits="0" number="75"/>
						<line branch="false" hits="0" number="205"/>
						<line branch="false" hits="0" number="78"/>
						<line branch="false" hits="0" number="81"/>
						<line branch="false" hits="0" number="83"/>
						<line branch="false" hits="0" number="84"/>
						<line branch="false" hits="0" number="85"/>
						<line branch="false" hits="0" number="203"/>
						<line branch="false" hits="0" number="93"/>
						<line branch="false" hits="0" number="95"/>
						<line branch="false" hits="0" number="96"/>
						<line branch="false" hits="0" number="97"/>
						<line branch="false" hits="0" number="105"/>
						<line branch="false" hits="0" number="107"/>
						<line branch="false" hits="0" number="108"/>
						<line branch="false" hits="0" number="109"/>
						<line branch="false" hits="0" number="117"/>
						<line branch="false" hits="0" number="119"/>
						<line branch="false" hits="0" number="120"/>
						<line branch="false" hits="0" number="121"/>
						<line branch="false" hits="0" number="213"/>
					</lines>
				</class>
				<class branch-rate="0.0" complexity="0.0" filename="source\stubs\ComM.c" line-rate="0.0" name="ComM_c">
					<lines>
						<line branch="false" hits="0" number="5"/>
						<line branch="false" hits="0" number="13"/>
					</lines>
				</class>
				<class branch-rate="0.0" complexity="0.0" filename="source\stubs\Dem.c" line-rate="0.0" name="Dem_c">
					<lines>
						<line branch="false" hits="0" number="3"/>
						<line branch="false" hits="0" number="7"/>
					</lines>
				</class>
			</classes>
		</package>
		<package branch-rate="0.0" complexity="0.0" line-rate="0.0" name="source.SWC_CDD.IoHwAbs.src">
			<classes>
				<class branch-rate="0.0" complexity="0.0" filename="source\SWC_CDD\IoHwAbs\src\SWC_IoHwAbs.c" line-rate="0.0" name="SWC_IoHwAbs_c">
					<lines>
						<line branch="false" hits="0" number="91"/>
						<line branch="false" hits="0" number="95"/>
						<line branch="false" hits="0" number="98"/>
						<line branch="false" hits="0" number="101"/>
						<line branch="false" hits="0" number="103"/>
						<line branch="false" hits="0" number="104"/>
						<line branch="false" hits="0" number="112"/>
						<line branch="false" hits="0" number="115"/>
						<line branch="false" hits="0" number="117"/>
						<line branch="false" hits="0" number="118"/>
						<line branch="false" hits="0" number="126"/>
						<line branch="false" hits="0" number="129"/>
						<line branch="false" hits="0" number="131"/>
						<line branch="false" hits="0" number="132"/>
						<line branch="false" hits="0" number="140"/>
						<line branch="false" hits="0" number="143"/>
						<line branch="false" hits="0" number="145"/>
						<line branch="false" hits="0" number="146"/>
						<line branch="false" hits="0" number="154"/>
						<line branch="false" hits="0" number="157"/>
						<line branch="false" hits="0" number="159"/>
						<line branch="false" hits="0" number="160"/>
						<line branch="false" hits="0" number="168"/>
						<line branch="false" hits="0" number="171"/>
						<line branch="false" hits="0" number="182"/>
						<line branch="false" hits="0" number="188"/>
						<line branch="false" hits="0" number="193"/>
						<line branch="false" hits="0" number="198"/>
						<line branch="false" hits="0" number="199"/>
						<line branch="false" hits="0" number="200"/>
						<line branch="false" hits="0" number="201"/>
						<line branch="false" hits="0" number="202"/>
						<line branch="false" hits="0" number="204"/>
						<line branch="false" hits="0" number="214"/>
						<line branch="false" hits="0" number="218"/>
						<line branch="false" hits="0" number="219"/>
						<line branch="false" hits="0" number="221"/>
						<line branch="false" hits="0" number="231"/>
						<line branch="false" hits="0" number="233"/>
						<line branch="false" hits="0" number="235"/>
						<line branch="false" hits="0" number="247"/>
						<line branch="false" hits="0" number="250"/>
						<line branch="false" hits="0" number="253"/>
						<line branch="false" hits="0" number="256"/>
						<line branch="false" hits="0" number="258"/>
						<line branch="false" hits="0" number="263"/>
						<line branch="false" hits="0" number="267"/>
						<line branch="false" hits="0" number="269"/>
						<line branch="false" hits="0" number="273"/>
						<line branch="false" hits="0" number="275"/>
						<line branch="false" hits="0" number="277"/>
						<line branch="false" hits="0" number="279"/>
						<line branch="false" hits="0" number="281"/>
						<line branch="false" hits="0" number="283"/>
						<line branch="false" hits="0" number="294"/>
						<line branch="false" hits="0" number="297"/>
						<line branch="false" hits="0" number="300"/>
						<line branch="false" hits="0" number="302"/>
						<line branch="false" hits="0" number="307"/>
						<line branch="false" hits="0" number="311"/>
						<line branch="false" hits="0" number="316"/>
						<line branch="false" hits="0" number="320"/>
						<line branch="false" hits="0" number="322"/>
						<line branch="false" hits="0" number="324"/>
						<line branch="false" hits="0" number="326"/>
						<line branch="false" hits="0" number="328"/>
						<line branch="false" hits="0" number="339"/>
						<line branch="false" hits="0" number="341"/>
						<line branch="false" hits="0" number="342"/>
						<line branch="false" hits="0" number="344"/>
						<line branch="false" hits="0" number="346"/>
						<line branch="false" hits="0" number="347"/>
						<line branch="false" hits="0" number="349"/>
						<line branch="false" hits="0" number="351"/>
						<line branch="false" hits="0" number="352"/>
						<line branch="false" hits="0" number="354"/>
						<line branch="false" hits="0" number="356"/>
						<line branch="false" hits="0" number="357"/>
						<line branch="false" hits="0" number="359"/>
						<line branch="false" hits="0" number="361"/>
						<line branch="false" hits="0" number="362"/>
						<line branch="false" hits="0" number="364"/>
						<line branch="false" hits="0" number="369"/>
						<line branch="false" hits="0" number="371"/>
						<line branch="false" hits="0" number="372"/>
						<line branch="false" hits="0" number="377"/>
						<line branch="false" hits="0" number="380"/>
					</lines>
				</class>
			</classes>
		</package>
	</packages>
</coverage>

